::1 - - [21/Mar/2026 16:45:01] "GET / HTTP/1.1" 200 -
::1 - - [21/Mar/2026 16:48:56] "GET / HTTP/1.1" 200 -
::1 - - [21/Mar/2026 16:50:41] "GET / HTTP/1.1" 200 -
::1 - - [21/Mar/2026 16:50:42] "GET /style.css HTTP/1.1" 200 -
::1 - - [21/Mar/2026 16:50:42] "GET /js/environment.js HTTP/1.1" 200 -
::1 - - [21/Mar/2026 16:50:42] "GET /js/uiManager.js HTTP/1.1" 200 -
::1 - - [21/Mar/2026 16:50:42] "GET /js/player.js HTTP/1.1" 200 -
::1 - - [21/Mar/2026 16:50:42] "GET /js/physics.js HTTP/1.1" 200 -
::1 - - [21/Mar/2026 16:50:42] "GET /js/obstacleManager.js HTTP/1.1" 200 -
::1 - - [21/Mar/2026 16:50:42] "GET /js/gameManager.js HTTP/1.1" 200 -
::1 - - [21/Mar/2026 16:50:42] "GET /js/main.js HTTP/1.1" 200 -
::1 - - [21/Mar/2026 16:50:42] code 404, message File not found
::1 - - [21/Mar/2026 16:50:42] "GET /favicon.ico HTTP/1.1" 404 -
::1 - - [21/Mar/2026 16:50:59] code 404, message File not found
::1 - - [21/Mar/2026 16:50:59] "GET /.well-known/appspecific/com.chrome.devtools.json HTTP/1.1" 404 -
::1 - - [21/Mar/2026 16:56:19] "GET / HTTP/1.1" 304 -
::1 - - [21/Mar/2026 16:58:56] "GET / HTTP/1.1" 304 -
::1 - - [21/Mar/2026 16:59:00] "GET / HTTP/1.1" 304 -
::1 - - [21/Mar/2026 16:59:01] "GET / HTTP/1.1" 304 -
::1 - - [21/Mar/2026 18:02:16] code 404, message File not found
::1 - - [21/Mar/2026 18:02:16] "GET /.well-known/appspecific/com.chrome.devtools.json HTTP/1.1" 404 -
::1 - - [21/Mar/2026 18:20:26] "GET / HTTP/1.1" 304 -
::1 - - [21/Mar/2026 18:20:26] "GET /style.css HTTP/1.1" 304 -
::1 - - [21/Mar/2026 18:20:26] "GET /js/gameManager.js HTTP/1.1" 304 -
::1 - - [21/Mar/2026 18:20:26] "GET /js/player.js HTTP/1.1" 200 -
::1 - - [21/Mar/2026 18:20:26] "GET /js/environment.js HTTP/1.1" 304 -
::1 - - [21/Mar/2026 18:20:26] "GET /js/obstacleManager.js HTTP/1.1" 200 -
::1 - - [21/Mar/2026 18:20:26] "GET /js/uiManager.js HTTP/1.1" 304 -
::1 - - [21/Mar/2026 18:20:26] "GET /js/main.js HTTP/1.1" 200 -
::1 - - [21/Mar/2026 18:20:26] "GET /js/physics.js HTTP/1.1" 304 -
::1 - - [21/Mar/2026 18:20:35] code 404, message File not found
::1 - - [21/Mar/2026 18:20:35] "GET /.well-known/appspecific/com.chrome.devtools.json HTTP/1.1" 404 -
::1 - - [21/Mar/2026 18:23:14] "GET / HTTP/1.1" 304 -
::1 - - [21/Mar/2026 18:23:14] code 404, message File not found
::1 - - [21/Mar/2026 18:23:14] "GET /.well-known/appspecific/com.chrome.devtools.json HTTP/1.1" 404 -
::1 - - [21/Mar/2026 18:23:14] "GET /js/main.js HTTP/1.1" 304 -
::1 - - [21/Mar/2026 18:27:21] "GET / HTTP/1.1" 304 -
::1 - - [21/Mar/2026 18:27:21] code 404, message File not found
::1 - - [21/Mar/2026 18:27:21] "GET /.well-known/appspecific/com.chrome.devtools.json HTTP/1.1" 404 -
::1 - - [21/Mar/2026 18:27:22] "GET /js/main.js HTTP/1.1" 200 -
::1 - - [21/Mar/2026 18:27:46] code 404, message File not found
::1 - - [21/Mar/2026 18:27:46] "GET /.well-known/appspecific/com.chrome.devtools.json HTTP/1.1" 404 -
::1 - - [21/Mar/2026 18:29:06] "GET / HTTP/1.1" 304 -
::1 - - [21/Mar/2026 18:29:06] "GET /js/player.js HTTP/1.1" 304 -
::1 - - [21/Mar/2026 18:29:06] "GET /js/obstacleManager.js HTTP/1.1" 304 -
::1 - - [21/Mar/2026 18:29:06] "GET /js/main.js HTTP/1.1" 304 -
::1 - - [21/Mar/2026 18:29:20] "GET / HTTP/1.1" 304 -
::1 - - [21/Mar/2026 18:35:36] "GET / HTTP/1.1" 304 -
::1 - - [21/Mar/2026 18:35:36] "GET /js/main.js HTTP/1.1" 304 -
::1 - - [21/Mar/2026 18:35:39] "GET / HTTP/1.1" 304 -
::1 - - [21/Mar/2026 18:35:46] code 404, message File not found
::1 - - [21/Mar/2026 18:35:46] "GET /.well-known/appspecific/com.chrome.devtools.json HTTP/1.1" 404 -
::1 - - [21/Mar/2026 18:40:41] "GET / HTTP/1.1" 304 -
::1 - - [21/Mar/2026 18:40:41] code 404, message File not found
::1 - - [21/Mar/2026 18:40:41] "GET /.well-known/appspecific/com.chrome.devtools.json HTTP/1.1" 404 -
::1 - - [21/Mar/2026 18:40:41] "GET /js/player.js HTTP/1.1" 304 -
::1 - - [21/Mar/2026 18:40:41] "GET /js/obstacleManager.js HTTP/1.1" 200 -
::1 - - [21/Mar/2026 18:40:41] "GET /js/main.js HTTP/1.1" 304 -
::1 - - [21/Mar/2026 18:41:25] code 404, message File not found
::1 - - [21/Mar/2026 18:41:25] "GET /.well-known/appspecific/com.chrome.devtools.json HTTP/1.1" 404 -
::1 - - [21/Mar/2026 18:44:47] "GET / HTTP/1.1" 304 -
::1 - - [21/Mar/2026 18:44:47] "GET /js/obstacleManager.js HTTP/1.1" 304 -
::1 - - [21/Mar/2026 18:44:47] "GET /js/main.js HTTP/1.1" 304 -
::1 - - [21/Mar/2026 18:47:04] code 404, message File not found
::1 - - [21/Mar/2026 18:47:04] "GET /.well-known/appspecific/com.chrome.devtools.json HTTP/1.1" 404 -
::1 - - [21/Mar/2026 18:50:00] "GET / HTTP/1.1" 304 -
::1 - - [21/Mar/2026 18:50:01] "GET /js/obstacleManager.js HTTP/1.1" 304 -
::1 - - [21/Mar/2026 18:50:01] "GET /js/main.js HTTP/1.1" 304 -
::1 - - [21/Mar/2026 18:53:21] "GET / HTTP/1.1" 304 -
::1 - - [21/Mar/2026 18:53:21] "GET /js/player.js HTTP/1.1" 200 -
::1 - - [21/Mar/2026 18:53:21] "GET /js/obstacleManager.js HTTP/1.1" 304 -
::1 - - [21/Mar/2026 18:53:21] "GET /js/main.js HTTP/1.1" 304 -
::1 - - [21/Mar/2026 18:57:55] code 404, message File not found
::1 - - [21/Mar/2026 18:57:55] "GET /.well-known/appspecific/com.chrome.devtools.json HTTP/1.1" 404 -
::1 - - [21/Mar/2026 19:10:58] "GET / HTTP/1.1" 304 -
::1 - - [21/Mar/2026 19:10:59] code 404, message File not found
::1 - - [21/Mar/2026 19:10:59] "GET /.well-known/appspecific/com.chrome.devtools.json HTTP/1.1" 404 -
::1 - - [21/Mar/2026 19:10:59] "GET /js/main.js HTTP/1.1" 304 -
::1 - - [21/Mar/2026 19:10:59] "GET /js/player.js HTTP/1.1" 304 -
::1 - - [21/Mar/2026 19:10:59] "GET /js/obstacleManager.js HTTP/1.1" 304 -
::1 - - [21/Mar/2026 19:11:33] "GET / HTTP/1.1" 304 -
::1 - - [22/Mar/2026 15:44:32] "GET / HTTP/1.1" 304 -
::1 - - [22/Mar/2026 15:44:32] "GET /style.css HTTP/1.1" 200 -
::1 - - [22/Mar/2026 15:44:32] "GET /js/physics.js HTTP/1.1" 304 -
::1 - - [22/Mar/2026 15:44:32] "GET /js/uiManager.js HTTP/1.1" 304 -
::1 - - [22/Mar/2026 15:44:32] "GET /js/environment.js HTTP/1.1" 200 -
::1 - - [22/Mar/2026 15:44:32] "GET /js/player.js HTTP/1.1" 304 -
::1 - - [22/Mar/2026 15:44:32] "GET /js/gameManager.js HTTP/1.1" 304 -
::1 - - [22/Mar/2026 15:44:32] "GET /js/obstacleManager.js HTTP/1.1" 304 -
::1 - - [22/Mar/2026 15:44:32] "GET /js/main.js HTTP/1.1" 304 -
::1 - - [22/Mar/2026 15:44:49] "GET / HTTP/1.1" 304 -
::1 - - [22/Mar/2026 15:44:50] "GET /style.css HTTP/1.1" 304 -
::1 - - [22/Mar/2026 15:45:10] "GET / HTTP/1.1" 304 -
::1 - - [22/Mar/2026 15:45:10] "GET /style.css HTTP/1.1" 200 -
::1 - - [22/Mar/2026 15:51:52] "GET / HTTP/1.1" 304 -
::1 - - [22/Mar/2026 15:51:53] "GET /style.css HTTP/1.1" 304 -
::1 - - [22/Mar/2026 15:52:08] "GET / HTTP/1.1" 304 -
::1 - - [22/Mar/2026 15:52:34] "GET / HTTP/1.1" 304 -
::1 - - [22/Mar/2026 15:57:08] "GET / HTTP/1.1" 304 -
::1 - - [22/Mar/2026 15:57:09] "GET /style.css HTTP/1.1" 304 -
::1 - - [22/Mar/2026 16:17:54] "GET / HTTP/1.1" 304 -
::1 - - [22/Mar/2026 16:17:55] "GET / HTTP/1.1" 304 -
::1 - - [22/Mar/2026 16:17:55] "GET /style.css HTTP/1.1" 304 -
